#
# A fatal error has been detected by the Java Runtime Environment:
#
#  Internal Error (constantTag.cpp:59), pid=3300, tid=0x00000000000034a0
#  Error: ShouldNotReachHere()
#
# JRE version: Java(TM) SE Runtime Environment (8.0_241-b07) (build 1.8.0_241-b07)
# Java VM: Java HotSpot(TM) 64-Bit Server VM (25.241-b07 mixed mode windows-amd64 compressed oops)
# Failed to write core dump. Minidumps are not enabled by default on client versions of Windows
#
# If you would like to submit a bug report, please visit:
#   http://bugreport.java.com/bugreport/crash.jsp
#

---------------  T H R E A D  ---------------

Current thread (0x0000000018106800):  VMThread [stack: 0x000000001a850000,0x000000001a950000] [id=13472]

Stack: [0x000000001a850000,0x000000001a950000]
[error occurred during error reporting (printing stack bounds), id 0xc0000005]

Native frames: (J=compiled Java code, j=interpreted, Vv=VM code, C=native code)

VM_Operation (0x000000001b2af850): GetOrSetLocal, mode: safepoint, requested by thread 0x0000000019804000


---------------  P R O C E S S  ---------------

Java Threads: ( => current thread )
  0x000000002d3d3000 JavaThread "D3D Screen Updater" daemon [_thread_blocked, id=10976, stack(0x000000001e5c0000,0x000000001e6c0000)]
  0x000000001ea2a000 JavaThread "AWT-Windows" daemon [_thread_in_native, id=3612, stack(0x000000001fbd0000,0x000000001fcd0000)]
  0x000000001cd0f000 JavaThread "Java2D Disposer" daemon [_thread_blocked, id=8892, stack(0x000000001d3f0000,0x000000001d4f0000)]
  0x0000000019971800 JavaThread "Service Thread" daemon [_thread_blocked, id=8788, stack(0x000000001b8b0000,0x000000001b9b0000)]
  0x00000000198e5000 JavaThread "C1 CompilerThread3" daemon [_thread_blocked, id=1412, stack(0x000000001b7b0000,0x000000001b8b0000)]
  0x00000000198e4800 JavaThread "C2 CompilerThread2" daemon [_thread_blocked, id=1632, stack(0x000000001b6b0000,0x000000001b7b0000)]
  0x00000000198e1800 JavaThread "C2 CompilerThread1" daemon [_thread_blocked, id=9184, stack(0x000000001b5b0000,0x000000001b6b0000)]
  0x00000000198de000 JavaThread "C2 CompilerThread0" daemon [_thread_blocked, id=7300, stack(0x000000001b4b0000,0x000000001b5b0000)]
  0x0000000019816000 JavaThread "JDWP Command Reader" daemon [_thread_in_native, id=8216, stack(0x000000001b3b0000,0x000000001b4b0000)]
  0x000000001980f000 JavaThread "JDWP Event Helper Thread" daemon [_thread_blocked, id=2596, stack(0x000000001b2b0000,0x000000001b3b0000)]
  0x0000000019804000 JavaThread "JDWP Transport Listener: dt_socket" daemon [_thread_blocked, id=12404, stack(0x000000001b1b0000,0x000000001b2b0000)]
  0x00000000197fe000 JavaThread "Attach Listener" daemon [_thread_blocked, id=8188, stack(0x000000001ad70000,0x000000001ae70000)]
  0x00000000197fd000 JavaThread "Signal Dispatcher" daemon [_thread_blocked, id=12292, stack(0x000000001ac70000,0x000000001ad70000)]
  0x000000000300c000 JavaThread "Finalizer" daemon [_thread_blocked, id=13744, stack(0x000000001aa50000,0x000000001ab50000)]
  0x000000001810d800 JavaThread "Reference Handler" daemon [_thread_blocked, id=8836, stack(0x000000001a950000,0x000000001aa50000)]
  0x0000000002f12800 JavaThread "main" [_thread_blocked, id=10228, stack(0x0000000002bd0000,0x0000000002cd0000)]

Other Threads:
=>0x0000000018106800 VMThread [stack: 0x000000001a850000,0x000000001a950000] [id=13472]
  0x00000000199e1800 WatcherThread [stack: 0x000000001bb20000,0x000000001bc20000] [id=12820]

VM state:at safepoint (normal execution)

VM Mutex/Monitor currently owned by a thread:  ([mutex/lock_event])
[0x00000000013ee600] Threads_lock - owner thread: 0x0000000018106800

heap address: 0x0000000082600000, size: 2010 MB, Compressed Oops mode: 32-bit
Narrow klass base: 0x0000000000000000, Narrow klass shift: 3
Compressed class space size: 1073741824 Address: 0x0000000100000000

Heap:
 PSYoungGen      total 37888K, used 34064K [0x00000000d6200000, 0x00000000dac00000, 0x0000000100000000)
  eden space 32768K, 96% used [0x00000000d6200000,0x00000000d80cc108,0x00000000d8200000)
  from space 5120K, 49% used [0x00000000d8200000,0x00000000d8478000,0x00000000d8700000)
  to   space 5120K, 0% used [0x00000000da700000,0x00000000da700000,0x00000000dac00000)
 ParOldGen       total 86016K, used 32K [0x0000000082600000, 0x0000000087a00000, 0x00000000d6200000)
  object space 86016K, 0% used [0x0000000082600000,0x0000000082608000,0x0000000087a00000)
 Metaspace       used 13032K, capacity 13204K, committed 13312K, reserved 1060864K
  class space    used 1459K, capacity 1519K, committed 1536K, reserved 1048576K

Card table byte_map: [0x00000000123d0000,0x00000000127c0000] byte_map_base: 0x0000000011fbd000

Marking Bits: (ParMarkBitMap*) 0x0000000077babe30
 Begin Bits: [0x0000000013460000, 0x00000000153c8000)
 End Bits:   [0x00000000153c8000, 0x0000000017330000)

Polling page: 0x00000000009f0000

CodeCache: size=245760Kb used=5299Kb max_used=5442Kb free=240460Kb
 bounds [0x0000000003010000, 0x00000000035d0000, 0x0000000012010000]
 total_blobs=1605 nmethods=1132 adapters=394
 compilation: enabled

Compilation events (10 events):
Event: 5394.603 Thread 0x00000000198e4800 1290       4       org.eclipse.jdt.launching.internal.org.objectweb.asm.ByteVector::putUTF8 (144 bytes)
Event: 5394.631 Thread 0x00000000198e4800 nmethod 1290 0x00000000033d4fd0 code [0x00000000033d5140, 0x00000000033d59a8]
Event: 5682.894 Thread 0x00000000198e1800 1291       4       org.eclipse.jdt.launching.internal.org.objectweb.asm.ByteVector::encodeUtf8 (337 bytes)
Event: 5682.934 Thread 0x00000000198e1800 nmethod 1291 0x00000000031df090 code [0x00000000031df220, 0x00000000031e0638]
Event: 5731.378 Thread 0x00000000198de000 1292       4       org.eclipse.jdt.launching.internal.org.objectweb.asm.ClassReader::readUtf (161 bytes)
Event: 5731.415 Thread 0x00000000198de000 nmethod 1292 0x000000000321b390 code [0x000000000321b520, 0x000000000321c238]
Event: 6141.259 Thread 0x00000000198e1800 1293       4       org.eclipse.jdt.launching.internal.org.objectweb.asm.ClassReader::readUtf (44 bytes)
Event: 6141.259 Thread 0x00000000198e4800 1294 %     4       org.eclipse.jdt.launching.internal.org.objectweb.asm.ClassReader::readCode @ 4655 (5089 bytes)
Event: 6141.277 Thread 0x00000000198e1800 nmethod 1293 0x000000000331b290 code [0x000000000331b3e0, 0x000000000331b688]
Event: 6141.803 Thread 0x00000000198e4800 nmethod 1294% 0x0000000003596c50 code [0x0000000003597100, 0x00000000035b7d50]

GC Heap History (6 events):
Event: 0.916 GC heap before
{Heap before GC invocations=1 (full 0):
 PSYoungGen      total 37888K, used 32768K [0x00000000d6200000, 0x00000000d8c00000, 0x0000000100000000)
  eden space 32768K, 100% used [0x00000000d6200000,0x00000000d8200000,0x00000000d8200000)
  from space 5120K, 0% used [0x00000000d8700000,0x00000000d8700000,0x00000000d8c00000)
  to   space 5120K, 0% used [0x00000000d8200000,0x00000000d8200000,0x00000000d8700000)
 ParOldGen       total 86016K, used 0K [0x0000000082600000, 0x0000000087a00000, 0x00000000d6200000)
  object space 86016K, 0% used [0x0000000082600000,0x0000000082600000,0x0000000087a00000)
 Metaspace       used 8828K, capacity 9034K, committed 9344K, reserved 1056768K
  class space    used 967K, capacity 1051K, committed 1152K, reserved 1048576K
Event: 0.919 GC heap after
Heap after GC invocations=1 (full 0):
 PSYoungGen      total 37888K, used 3026K [0x00000000d6200000, 0x00000000d8c00000, 0x0000000100000000)
  eden space 32768K, 0% used [0x00000000d6200000,0x00000000d6200000,0x00000000d8200000)
  from space 5120K, 59% used [0x00000000d8200000,0x00000000d84f4a48,0x00000000d8700000)
  to   space 5120K, 0% used [0x00000000d8700000,0x00000000d8700000,0x00000000d8c00000)
 ParOldGen       total 86016K, used 16K [0x0000000082600000, 0x0000000087a00000, 0x00000000d6200000)
  object space 86016K, 0% used [0x0000000082600000,0x0000000082604000,0x0000000087a00000)
 Metaspace       used 8828K, capacity 9034K, committed 9344K, reserved 1056768K
  class space    used 967K, capacity 1051K, committed 1152K, reserved 1048576K
}
Event: 0.978 GC heap before
{Heap before GC invocations=2 (full 0):
 PSYoungGen      total 37888K, used 35794K [0x00000000d6200000, 0x00000000d8c00000, 0x0000000100000000)
  eden space 32768K, 100% used [0x00000000d6200000,0x00000000d8200000,0x00000000d8200000)
  from space 5120K, 59% used [0x00000000d8200000,0x00000000d84f4a48,0x00000000d8700000)
  to   space 5120K, 0% used [0x00000000d8700000,0x00000000d8700000,0x00000000d8c00000)
 ParOldGen       total 86016K, used 16K [0x0000000082600000, 0x0000000087a00000, 0x00000000d6200000)
  object space 86016K, 0% used [0x0000000082600000,0x0000000082604000,0x0000000087a00000)
 Metaspace       used 8871K, capacity 9034K, committed 9344K, reserved 1056768K
  class space    used 967K, capacity 1051K, committed 1152K, reserved 1048576K
Event: 0.981 GC heap after
Heap after GC invocations=2 (full 0):
 PSYoungGen      total 37888K, used 2576K [0x00000000d6200000, 0x00000000dac00000, 0x0000000100000000)
  eden space 32768K, 0% used [0x00000000d6200000,0x00000000d6200000,0x00000000d8200000)
  from space 5120K, 50% used [0x00000000d8700000,0x00000000d8984010,0x00000000d8c00000)
  to   space 5120K, 0% used [0x00000000d8200000,0x00000000d8200000,0x00000000d8700000)
 ParOldGen       total 86016K, used 24K [0x0000000082600000, 0x0000000087a00000, 0x00000000d6200000)
  object space 86016K, 0% used [0x0000000082600000,0x0000000082606000,0x0000000087a00000)
 Metaspace       used 8871K, capacity 9034K, committed 9344K, reserved 1056768K
  class space    used 967K, capacity 1051K, committed 1152K, reserved 1048576K
}
Event: 1.031 GC heap before
{Heap before GC invocations=3 (full 0):
 PSYoungGen      total 37888K, used 35344K [0x00000000d6200000, 0x00000000dac00000, 0x0000000100000000)
  eden space 32768K, 100% used [0x00000000d6200000,0x00000000d8200000,0x00000000d8200000)
  from space 5120K, 50% used [0x00000000d8700000,0x00000000d8984010,0x00000000d8c00000)
  to   space 5120K, 0% used [0x00000000d8200000,0x00000000d8200000,0x00000000d8700000)
 ParOldGen       total 86016K, used 24K [0x0000000082600000, 0x0000000087a00000, 0x00000000d6200000)
  object space 86016K, 0% used [0x0000000082600000,0x0000000082606000,0x0000000087a00000)
 Metaspace       used 8879K, capacity 9034K, committed 9344K, reserved 1056768K
  class space    used 967K, capacity 1051K, committed 1152K, reserved 1048576K
Event: 1.034 GC heap after
Heap after GC invocations=3 (full 0):
 PSYoungGen      total 37888K, used 2528K [0x00000000d6200000, 0x00000000dac00000, 0x0000000100000000)
  eden space 32768K, 0% used [0x00000000d6200000,0x00000000d6200000,0x00000000d8200000)
  from space 5120K, 49% used [0x00000000d8200000,0x00000000d8478000,0x00000000d8700000)
  to   space 5120K, 0% used [0x00000000da700000,0x00000000da700000,0x00000000dac00000)
 ParOldGen       total 86016K, used 32K [0x0000000082600000, 0x0000000087a00000, 0x00000000d6200000)
  object space 86016K, 0% used [0x0000000082600000,0x0000000082608000,0x0000000087a00000)
 Metaspace       used 8879K, capacity 9034K, committed 9344K, reserved 1056768K
  class space    used 967K, capacity 1051K, committed 1152K, reserved 1048576K
}

Deoptimization events (10 events):
Event: 602.547 Thread 0x0000000019804000 Uncommon trap: reason=unstable_if action=reinterpret pc=0x0000000003183560 method=org.eclipse.jdt.launching.internal.org.objectweb.asm.ClassReader.readUtf(II[C)Ljava/lang/String; @ 41
Event: 602.547 Thread 0x0000000019804000 Uncommon trap: reason=unstable_if action=reinterpret pc=0x000000000317f6ec method=org.eclipse.jdt.launching.internal.org.objectweb.asm.ByteVector.putUTF8(Ljava/lang/String;)Lorg/eclipse/jdt/launching/internal/org/objectweb/asm/ByteVector; @ 100
Event: 610.855 Thread 0x000000001efb3800 Uncommon trap: reason=unstable_if action=reinterpret pc=0x00000000033589dc method=java.security.AccessController.getContext()Ljava/security/AccessControlContext; @ 5
Event: 610.871 Thread 0x000000001efb3800 Uncommon trap: reason=unstable_if action=reinterpret pc=0x000000000351b1e4 method=java.awt.EventQueue.getPriority(Ljava/awt/AWTEvent;)I @ 4
Event: 610.876 Thread 0x000000001efb3800 Uncommon trap: reason=unstable_if action=reinterpret pc=0x000000000322bbc0 method=java.util.IdentityHashMap.isEmpty()Z @ 4
Event: 610.877 Thread 0x000000001ea2a000 Uncommon trap: reason=unstable_if action=reinterpret pc=0x000000000318aea0 method=java.util.IdentityHashMap.isEmpty()Z @ 4
Event: 610.879 Thread 0x000000001efb3800 Uncommon trap: reason=class_check action=maybe_recompile pc=0x00000000032e1858 method=java.awt.EventQueue.uncacheEQItem(Lsun/awt/EventQueueItem;)V @ 20
Event: 610.879 Thread 0x000000001efb3800 Uncommon trap: reason=class_check action=maybe_recompile pc=0x000000000318a0ec method=java.awt.EventQueue.setCurrentEventAndMostRecentTimeImpl(Ljava/awt/AWTEvent;)V @ 135
Event: 610.885 Thread 0x000000001ea2a000 Uncommon trap: reason=unstable_if action=reinterpret pc=0x00000000032619ac method=java.util.IdentityHashMap.isEmpty()Z @ 4
Event: 610.885 Thread 0x000000001ea2a000 Uncommon trap: reason=unstable_if action=reinterpret pc=0x0000000003508d04 method=java.util.IdentityHashMap.isEmpty()Z @ 4

Classes redefined (10 events):
Event: 2566.818 Thread 0x0000000018106800 redefined class name=pablocaceres982.Agent, count=2
Event: 4956.565 Thread 0x0000000018106800 redefined class name=pablocaceres982.Agent, count=3
Event: 4956.573 Thread 0x0000000018106800 redefined class name=ontology.avatar.MovingAvatar, count=1
Event: 4956.579 Thread 0x0000000018106800 redefined class name=core.competition.CompetitionParameters, count=1
Event: 5394.616 Thread 0x0000000018106800 redefined class name=pablocaceres982.Agent, count=4
Event: 5682.908 Thread 0x0000000018106800 redefined class name=pablocaceres982.Agent, count=5
Event: 5731.393 Thread 0x0000000018106800 redefined class name=pablocaceres982.Agent, count=6
Event: 5857.692 Thread 0x0000000018106800 redefined class name=pablocaceres982.Agent, count=7
Event: 6141.273 Thread 0x0000000018106800 redefined class name=pablocaceres982.Agent, count=8
Event: 6650.531 Thread 0x0000000018106800 redefined class name=pablocaceres982.Agent, count=9

Internal exceptions (10 events):
Event: 0.837 Thread 0x0000000002f12800 Exception <a 'java/lang/NullPointerException'> (0x00000000d7443920) thrown at [C:\ade\jenkins\workspace\8-2-build-windows-amd64-cygwin\jdk8u241\331\hotspot\src\share\vm\interpreter\linkResolver.cpp, line 1185]
Event: 0.841 Thread 0x0000000002f12800 Exception <a 'java/lang/NullPointerException'> (0x00000000d745b580) thrown at [C:\ade\jenkins\workspace\8-2-build-windows-amd64-cygwin\jdk8u241\331\hotspot\src\share\vm\interpreter\linkResolver.cpp, line 1185]
Event: 0.841 Thread 0x0000000002f12800 Exception <a 'java/lang/NullPointerException'> (0x00000000d745bfc8) thrown at [C:\ade\jenkins\workspace\8-2-build-windows-amd64-cygwin\jdk8u241\331\hotspot\src\share\vm\interpreter\linkResolver.cpp, line 1185]
Event: 1.074 Thread 0x0000000002f12800 Implicit null exception at 0x000000000335072c to 0x00000000033507be
Event: 1.092 Thread 0x0000000002f12800 Exception <a 'java/io/FileNotFoundException'> (0x00000000d74dd6a8) thrown at [C:\ade\jenkins\workspace\8-2-build-windows-amd64-cygwin\jdk8u241\331\hotspot\src\share\vm\prims\jni.cpp, line 710]
Event: 1.234 Thread 0x0000000002f12800 Implicit null exception at 0x00000000032aa199 to 0x00000000032aa681
Event: 1.235 Thread 0x0000000002f12800 Implicit null exception at 0x0000000003261416 to 0x00000000032618bd
Event: 1.239 Thread 0x0000000002f12800 Implicit null exception at 0x000000000330d494 to 0x000000000330d71d
Event: 1.239 Thread 0x0000000002f12800 Implicit null exception at 0x000000000335edbe to 0x000000000335f665
Event: 610.855 Thread 0x000000001efb3800 Implicit null exception at 0x00000000033585ed to 0x00000000033589b7

Events (10 events):
Event: 6719.298 Executing VM operation: GetOwnedMonitorInfo done
Event: 6720.429 Executing VM operation: GetCurrentContendedMonitor
Event: 6720.429 Executing VM operation: GetCurrentContendedMonitor done
Event: 6720.429 Executing VM operation: GetOwnedMonitorInfo
Event: 6720.429 Executing VM operation: GetOwnedMonitorInfo done
Event: 6720.974 Executing VM operation: GetOwnedMonitorInfo
Event: 6720.974 Executing VM operation: GetOwnedMonitorInfo done
Event: 6720.975 Executing VM operation: GetCurrentContendedMonitor
Event: 6720.975 Executing VM operation: GetCurrentContendedMonitor done
Event: 6720.981 Executing VM operation: GetOrSetLocal


Dynamic libraries:
0x00007ff784e30000 - 0x00007ff784e67000 	C:\Program Files\Java\jdk1.8.0_241\bin\javaw.exe
0x00007ff9a8600000 - 0x00007ff9a87f0000 	C:\WINDOWS\SYSTEM32\ntdll.dll
0x00007ff9a6990000 - 0x00007ff9a6a42000 	C:\WINDOWS\System32\KERNEL32.DLL
0x00007ff9a5920000 - 0x00007ff9a5bc3000 	C:\WINDOWS\System32\KERNELBASE.dll
0x00007ff9a6780000 - 0x00007ff9a6823000 	C:\WINDOWS\System32\ADVAPI32.dll
0x00007ff9a7d80000 - 0x00007ff9a7e1e000 	C:\WINDOWS\System32\msvcrt.dll
0x00007ff9a78a0000 - 0x00007ff9a7937000 	C:\WINDOWS\System32\sechost.dll
0x00007ff9a7320000 - 0x00007ff9a7440000 	C:\WINDOWS\System32\RPCRT4.dll
0x00007ff9a79c0000 - 0x00007ff9a7b54000 	C:\WINDOWS\System32\USER32.dll
0x00007ff9a5830000 - 0x00007ff9a5851000 	C:\WINDOWS\System32\win32u.dll
0x00007ff9a7e20000 - 0x00007ff9a7e46000 	C:\WINDOWS\System32\GDI32.dll
0x00007ff9a5590000 - 0x00007ff9a5724000 	C:\WINDOWS\System32\gdi32full.dll
0x00007ff9a5880000 - 0x00007ff9a591e000 	C:\WINDOWS\System32\msvcp_win.dll
0x00007ff9a5730000 - 0x00007ff9a582a000 	C:\WINDOWS\System32\ucrtbase.dll
0x00007ff98edb0000 - 0x00007ff98f035000 	C:\WINDOWS\WinSxS\amd64_microsoft.windows.common-controls_6595b64144ccf1df_6.0.18362.720_none_e6beb5c51314836b\COMCTL32.dll
0x00007ff9a74f0000 - 0x00007ff9a7826000 	C:\WINDOWS\System32\combase.dll
0x00007ff9a6630000 - 0x00007ff9a66b0000 	C:\WINDOWS\System32\bcryptPrimitives.dll
0x00007ff9a6b30000 - 0x00007ff9a6b5e000 	C:\WINDOWS\System32\IMM32.DLL
0x0000000050c00000 - 0x0000000050cd2000 	C:\Program Files\Java\jdk1.8.0_241\jre\bin\msvcr100.dll
0x0000000077380000 - 0x0000000077c2c000 	C:\Program Files\Java\jdk1.8.0_241\jre\bin\server\jvm.dll
0x00007ff9a8340000 - 0x00007ff9a8348000 	C:\WINDOWS\System32\PSAPI.DLL
0x00007ff989920000 - 0x00007ff989929000 	C:\WINDOWS\SYSTEM32\WSOCK32.dll
0x00007ff9a2e80000 - 0x00007ff9a2ea4000 	C:\WINDOWS\SYSTEM32\WINMM.dll
0x00007ff99c6f0000 - 0x00007ff99c6fa000 	C:\WINDOWS\SYSTEM32\VERSION.dll
0x00007ff9a7b70000 - 0x00007ff9a7bdf000 	C:\WINDOWS\System32\WS2_32.dll
0x00007ff9a29f0000 - 0x00007ff9a2a1d000 	C:\WINDOWS\SYSTEM32\WINMMBASE.dll
0x00007ff9a6500000 - 0x00007ff9a654a000 	C:\WINDOWS\System32\cfgmgr32.dll
0x00007ff9a3000000 - 0x00007ff9a300f000 	C:\Program Files\Java\jdk1.8.0_241\jre\bin\verify.dll
0x00007ff99cd10000 - 0x00007ff99cd39000 	C:\Program Files\Java\jdk1.8.0_241\jre\bin\java.dll
0x00007ff99cbd0000 - 0x00007ff99cc05000 	C:\Program Files\Java\jdk1.8.0_241\jre\bin\jdwp.dll
0x00007ff9a0e80000 - 0x00007ff9a0e88000 	C:\Program Files\Java\jdk1.8.0_241\jre\bin\npt.dll
0x00007ff9908c0000 - 0x00007ff9908e3000 	C:\Program Files\Java\jdk1.8.0_241\jre\bin\instrument.dll
0x00007ff9a0e50000 - 0x00007ff9a0e66000 	C:\Program Files\Java\jdk1.8.0_241\jre\bin\zip.dll
0x00007ff9a6b60000 - 0x00007ff9a7245000 	C:\WINDOWS\System32\SHELL32.dll
0x00007ff9a7440000 - 0x00007ff9a74e9000 	C:\WINDOWS\System32\shcore.dll
0x00007ff9a5d20000 - 0x00007ff9a64a0000 	C:\WINDOWS\System32\windows.storage.dll
0x00007ff9a5560000 - 0x00007ff9a5583000 	C:\WINDOWS\System32\profapi.dll
0x00007ff9a54f0000 - 0x00007ff9a553a000 	C:\WINDOWS\System32\powrprof.dll
0x00007ff9a54c0000 - 0x00007ff9a54d0000 	C:\WINDOWS\System32\UMPDC.dll
0x00007ff9a6ad0000 - 0x00007ff9a6b22000 	C:\WINDOWS\System32\shlwapi.dll
0x00007ff9a54d0000 - 0x00007ff9a54e1000 	C:\WINDOWS\System32\kernel.appcore.dll
0x00007ff9a5860000 - 0x00007ff9a5877000 	C:\WINDOWS\System32\cryptsp.dll
0x00007ff9a0df0000 - 0x00007ff9a0df9000 	C:\Program Files\Java\jdk1.8.0_241\jre\bin\dt_socket.dll
0x00007ff9762f0000 - 0x00007ff976306000 	C:\WINDOWS\system32\napinsp.dll
0x00007ff96a1c0000 - 0x00007ff96a1da000 	C:\WINDOWS\system32\pnrpnsp.dll
0x00007ff9a00b0000 - 0x00007ff9a00c5000 	C:\WINDOWS\system32\wshbth.dll
0x00007ff9a0dd0000 - 0x00007ff9a0dec000 	C:\WINDOWS\system32\NLAapi.dll
0x00007ff9a4a40000 - 0x00007ff9a4a7a000 	C:\WINDOWS\SYSTEM32\IPHLPAPI.DLL
0x00007ff9a4d30000 - 0x00007ff9a4d97000 	C:\WINDOWS\System32\mswsock.dll
0x00007ff9a4a80000 - 0x00007ff9a4b4a000 	C:\WINDOWS\SYSTEM32\DNSAPI.dll
0x00007ff9a85b0000 - 0x00007ff9a85b8000 	C:\WINDOWS\System32\NSI.dll
0x00007ff99d2f0000 - 0x00007ff99d2fe000 	C:\WINDOWS\System32\winrnr.dll
0x00007ff99a310000 - 0x00007ff99a387000 	C:\WINDOWS\System32\fwpuclnt.dll
0x00007ff9a6600000 - 0x00007ff9a6626000 	C:\WINDOWS\System32\bcrypt.dll
0x00007ff99dcd0000 - 0x00007ff99dcda000 	C:\Windows\System32\rasadhlp.dll
0x00007ff9692c0000 - 0x00007ff96945a000 	C:\Program Files\Java\jdk1.8.0_241\jre\bin\awt.dll
0x00007ff9a66b0000 - 0x00007ff9a6774000 	C:\WINDOWS\System32\OLEAUT32.dll
0x00007ff9a30e0000 - 0x00007ff9a316f000 	C:\WINDOWS\SYSTEM32\apphelp.dll
0x00007ff9a2ff0000 - 0x00007ff9a2ffd000 	C:\Program Files\Java\jdk1.8.0_241\jre\bin\management.dll
0x00007ff9a38d0000 - 0x00007ff9a38fd000 	C:\WINDOWS\system32\DWMAPI.DLL
0x00007ff9a34b0000 - 0x00007ff9a3549000 	C:\WINDOWS\system32\uxtheme.dll
0x00007ff9896d0000 - 0x00007ff989826000 	C:\WINDOWS\system32\opengl32.dll
0x00007ff99cad0000 - 0x00007ff99cafc000 	C:\WINDOWS\SYSTEM32\GLU32.dll
0x00007ff9a4130000 - 0x00007ff9a4150000 	C:\WINDOWS\SYSTEM32\dxcore.dll
0x00007ff9a7c40000 - 0x00007ff9a7d76000 	C:\WINDOWS\System32\MSCTF.dll
0x00007ff9a6830000 - 0x00007ff9a6987000 	C:\WINDOWS\System32\ole32.dll
0x00007ff95c1a0000 - 0x00007ff95c367000 	C:\WINDOWS\system32\d3d9.dll
0x00007ff9593a0000 - 0x00007ff9595e2000 	C:\WINDOWS\System32\DriverStore\FileRepository\iigd_dc_base.inf_amd64_04dfefe2ba7fe997\igdumdim64.dll
0x00007ff9449c0000 - 0x00007ff947f92000 	C:\WINDOWS\System32\DriverStore\FileRepository\iigd_dc_base.inf_amd64_04dfefe2ba7fe997\igd9dxva64.dll
0x00007ff9883f0000 - 0x00007ff9884de000 	C:\WINDOWS\System32\DriverStore\FileRepository\nvhm.inf_amd64_b8ff1cae58cd55c0\nvldumdx.dll
0x00007ff9a5bd0000 - 0x00007ff9a5d19000 	C:\WINDOWS\System32\crypt32.dll
0x00007ff9a5540000 - 0x00007ff9a5552000 	C:\WINDOWS\System32\MSASN1.dll
0x00007ff9a64a0000 - 0x00007ff9a64fc000 	C:\WINDOWS\System32\WINTRUST.DLL
0x00007ff9a6ab0000 - 0x00007ff9a6acd000 	C:\WINDOWS\System32\imagehlp.dll
0x00007ff9a48a0000 - 0x00007ff9a48d3000 	C:\WINDOWS\system32\rsaenh.dll
0x00007ff9a4f00000 - 0x00007ff9a4f0c000 	C:\WINDOWS\SYSTEM32\CRYPTBASE.dll
0x00007ff943520000 - 0x00007ff9449b9000 	C:\WINDOWS\System32\DriverStore\FileRepository\nvhm.inf_amd64_b8ff1cae58cd55c0\nvd3dumx.dll
0x00007ff99ccc0000 - 0x00007ff99cd09000 	C:\Program Files\Java\jdk1.8.0_241\jre\bin\fontmanager.dll
0x00007ff98d580000 - 0x00007ff98d61e000 	C:\WINDOWS\System32\TextInputFramework.dll
0x00007ff99f470000 - 0x00007ff99f79a000 	C:\WINDOWS\System32\CoreUIComponents.dll
0x00007ff9a2a20000 - 0x00007ff9a2af4000 	C:\WINDOWS\System32\CoreMessaging.dll
0x00007ff9a4520000 - 0x00007ff9a4551000 	C:\WINDOWS\SYSTEM32\ntmarta.dll
0x00007ff99fea0000 - 0x00007ff99fff3000 	C:\WINDOWS\SYSTEM32\wintypes.dll
0x00007ff992760000 - 0x00007ff992a06000 	C:\WINDOWS\System32\iertutil.dll

VM Arguments:
jvm_args: -agentlib:jdwp=transport=dt_socket,suspend=y,address=localhost:52704 -javaagent:C:\Users\pablo\eclipse\java-2019-12\eclipse\configuration\org.eclipse.osgi\226\0\.cp\lib\javaagent-shaded.jar -Dfile.encoding=Cp1252 
java_command: tracks.singlePlayer.Test
java_class_path (initial): E:\PCR\GoogleDrive\Universidad\3º_año19-20\2º_Cuatrimestre\Sistema Inteligente\Practica1\bin;C:\Users\pablo\eclipse\java-2019-12\eclipse\configuration\org.eclipse.osgi\226\0\.cp\lib\javaagent-shaded.jar
Launcher Type: SUN_STANDARD

Environment Variables:
PATH=C:\Program Files\Java\jdk1.8.0_241\jre\bin;C:/Program Files/Java/jdk1.8.0_241/bin/../jre/bin/server;C:/Program Files/Java/jdk1.8.0_241/bin/../jre/bin;C:/Program Files/Java/jdk1.8.0_241/bin/../jre/lib/amd64;C:\Program Files (x86)\Common Files\Oracle\Java\javapath;C:\WINDOWS\system32;C:\WINDOWS;C:\WINDOWS\System32\Wbem;C:\WINDOWS\System32\WindowsPowerShell\v1.0\;C:\WINDOWS\System32\OpenSSH\;C:\Program Files\MATLAB\R2019b\runtime\win64;C:\Program Files\MATLAB\R2019b\bin;D:\Program Files\Git\cmd;C:\Users\pablo\AppData\Local\Microsoft\WindowsApps;;D:\Users\pablo\AppData\Local\Programs\Microsoft VS Code\bin;C:\WINDOWS\System32;
USERNAME=pablo
OS=Windows_NT
PROCESSOR_IDENTIFIER=Intel64 Family 6 Model 158 Stepping 10, GenuineIntel



---------------  S Y S T E M  ---------------

OS: Windows 10.0 , 64 bit Build 18362 (10.0.18362.329)

CPU:total 12 (initial active 12) (6 cores per cpu, 2 threads per core) family 6 model 158 stepping 10, cmov, cx8, fxsr, mmx, sse, sse2, sse3, ssse3, sse4.1, sse4.2, popcnt, avx, avx2, aes, clmul, erms, 3dnowpref, lzcnt, ht, tsc, tscinvbit, bmi1, bmi2, adx

Memory: 4k page, physical 8232236k(3314200k free), swap 12688684k(4303652k free)

vm_info: Java HotSpot(TM) 64-Bit Server VM (25.241-b07) for windows-amd64 JRE (1.8.0_241-b07), built on Dec 11 2019 10:21:40 by "rejava" with MS VC++ 10.0 (VS2010)

time: Fri Mar 20 12:13:07 2020
timezone: Hora estándar romance
elapsed time: 6721 seconds (0d 1h 52m 1s)

